c:\users\xcy\documents\cvproject\testklt\lib\trackervs64\trackervs64\x64\release\moc_viewqt.obj
c:\users\xcy\documents\cvproject\testklt\lib\trackervs64\trackervs64\x64\release\moc_streamthread.obj
c:\users\xcy\documents\cvproject\testklt\lib\trackervs64\trackervs64\x64\release\moc_mainwindow.obj
c:\users\xcy\documents\cvproject\testklt\lib\trackervs64\trackervs64\x64\release\viewqt.obj
c:\users\xcy\documents\cvproject\testklt\lib\trackervs64\trackervs64\x64\release\streamthread.obj
c:\users\xcy\documents\cvproject\testklt\lib\trackervs64\trackervs64\x64\release\modelsqt.obj
c:\users\xcy\documents\cvproject\testklt\lib\trackervs64\trackervs64\x64\release\mainwindow.obj
c:\users\xcy\documents\cvproject\testklt\lib\trackervs64\trackervs64\x64\release\main.obj
c:\users\xcy\documents\cvproject\testklt\lib\trackervs64\trackervs64\x64\release\utils.obj
c:\users\xcy\documents\cvproject\testklt\lib\trackervs64\trackervs64\x64\release\targetfinder.obj
c:\users\xcy\documents\cvproject\testklt\lib\trackervs64\trackervs64\x64\release\pointtracker.obj
c:\users\xcy\documents\cvproject\testklt\lib\trackervs64\trackervs64\x64\release\buffers.obj
c:\users\xcy\documents\cvproject\testklt\lib\trackervs64\trackervs64\generatedfiles\ui_trackervs64.h
c:\users\xcy\documents\cvproject\testklt\lib\trackervs64\trackervs64\generatedfiles\release\moc_mainwindow.cpp
c:\users\xcy\documents\cvproject\testklt\lib\trackervs64\trackervs64\generatedfiles\release\moc_viewqt.cpp
c:\users\xcy\documents\cvproject\testklt\lib\trackervs64\trackervs64\generatedfiles\qrc_trackervs64.cpp
c:\users\xcy\documents\cvproject\testklt\lib\trackervs64\trackervs64\generatedfiles\release\moc_streamthread.cpp
c:\users\xcy\documents\cvproject\testklt\lib\trackervs64\x64\release\trackervs64.exe
c:\users\xcy\documents\cvproject\testklt\lib\trackervs64\trackervs64\x64\release\buffgpu.cu.cache
c:\users\xcy\documents\cvproject\testklt\lib\trackervs64\trackervs64\x64\release\cudautils.cu.cache
c:\users\xcy\documents\cvproject\testklt\lib\trackervs64\trackervs64\x64\release\pointtracker.cu.cache
c:\users\xcy\documents\cvproject\testklt\lib\trackervs64\trackervs64\x64\release\targetfinder.cu.cache
c:\users\xcy\documents\cvproject\testklt\lib\trackervs64\trackervs64\x64\release\tracks.cu.cache
c:\users\xcy\documents\cvproject\testklt\lib\trackervs64\trackervs64\x64\release\buffgpu.cu.obj
c:\users\xcy\documents\cvproject\testklt\lib\trackervs64\trackervs64\x64\release\cudautils.cu.obj
c:\users\xcy\documents\cvproject\testklt\lib\trackervs64\trackervs64\x64\release\pointtracker.cu.obj
c:\users\xcy\documents\cvproject\testklt\lib\trackervs64\trackervs64\x64\release\targetfinder.cu.obj
c:\users\xcy\documents\cvproject\testklt\lib\trackervs64\trackervs64\x64\release\tracks.cu.obj
c:\users\xcy\documents\cvproject\testklt\lib\trackervs64\trackervs64\x64\release\trackervs64.tlog\cl.command.1.tlog
c:\users\xcy\documents\cvproject\testklt\lib\trackervs64\trackervs64\x64\release\trackervs64.tlog\cl.read.1.tlog
c:\users\xcy\documents\cvproject\testklt\lib\trackervs64\trackervs64\x64\release\trackervs64.tlog\cl.write.1.tlog
c:\users\xcy\documents\cvproject\testklt\lib\trackervs64\trackervs64\x64\release\trackervs64.tlog\custombuild.command.1.tlog
c:\users\xcy\documents\cvproject\testklt\lib\trackervs64\trackervs64\x64\release\trackervs64.tlog\custombuild.read.1.tlog
c:\users\xcy\documents\cvproject\testklt\lib\trackervs64\trackervs64\x64\release\trackervs64.tlog\custombuild.write.1.tlog
c:\users\xcy\documents\cvproject\testklt\lib\trackervs64\trackervs64\x64\release\trackervs64.tlog\link.command.1.tlog
c:\users\xcy\documents\cvproject\testklt\lib\trackervs64\trackervs64\x64\release\trackervs64.tlog\link.read.1.tlog
c:\users\xcy\documents\cvproject\testklt\lib\trackervs64\trackervs64\x64\release\trackervs64.tlog\link.write.1.tlog
